<?xml version="1.0" encoding="UTF-8"?>
<!-- Generated by org.testng.reporters.JUnitXMLReporter -->
<testsuite ignored="1" hostname="DESKTOP-P6K6F5J" failures="0" tests="1" name="Default test" time="11.325" errors="0" timestamp="2023-10-03T07:12:41 IST">
  <testcase classname="Test_Page.Test_Dashboard" name="loginApp" time="2.206"/>
  <testcase classname="Test_Page.Test_Dashboard" name="My_Info_page" time="0.0">
    <ignored/>
  </testcase> <!-- My_Info_page -->
</testsuite> <!-- Default test -->
