<?xml version="1.0" encoding="UTF-8"?>
<testng-results ignored="1" total="2" passed="1" failed="0" skipped="0">
  <reporter-output>
    <line>
      <![CDATA[setting up reports and test is getting ready]]>
    </line>
    <line>
      <![CDATA[setting done test can be started]]>
    </line>
    <line>
      <![CDATA[Trying to start Browser and getting application ready]]>
    </line>
    <line>
      <![CDATA[Browser and application is up and running]]>
    </line>
    <line>
      <![CDATA[Test is about to end]]>
    </line>
    <line>
      <![CDATA[Test Completed >>> Reports Generated]]>
    </line>
  </reporter-output>
  <suite started-at="2023-10-03T07:12:30 IST" name="Default suite" finished-at="2023-10-03T07:12:41 IST" duration-ms="11325">
    <groups>
    </groups>
    <test started-at="2023-10-03T07:12:30 IST" name="Default test" finished-at="2023-10-03T07:12:41 IST" duration-ms="11325">
      <class name="Test_Page.Test_Dashboard">
        <test-method is-config="true" signature="setUpSuite()[pri:0, instance:Test_Page.Test_Dashboard@14dd9eb7]" started-at="2023-10-03T07:12:29 IST" name="setUpSuite" finished-at="2023-10-03T07:12:30 IST" duration-ms="431" status="PASS">
          <reporter-output>
            <line>
              <![CDATA[setting up reports and test is getting ready]]>
            </line>
            <line>
              <![CDATA[setting done test can be started]]>
            </line>
          </reporter-output>
        </test-method> <!-- setUpSuite -->
        <test-method is-config="true" signature="setup()[pri:0, instance:Test_Page.Test_Dashboard@14dd9eb7]" started-at="2023-10-03T07:12:30 IST" name="setup" finished-at="2023-10-03T07:12:38 IST" duration-ms="8239" status="PASS">
          <reporter-output>
            <line>
              <![CDATA[Trying to start Browser and getting application ready]]>
            </line>
            <line>
              <![CDATA[Browser and application is up and running]]>
            </line>
          </reporter-output>
        </test-method> <!-- setup -->
        <test-method signature="loginApp()[pri:0, instance:Test_Page.Test_Dashboard@14dd9eb7]" started-at="2023-10-03T07:12:38 IST" name="loginApp" finished-at="2023-10-03T07:12:40 IST" duration-ms="2206" status="PASS">
          <reporter-output>
          </reporter-output>
        </test-method> <!-- loginApp -->
        <test-method is-config="true" signature="tearDownMethod(org.testng.ITestResult)[pri:0, instance:Test_Page.Test_Dashboard@14dd9eb7]" started-at="2023-10-03T07:12:40 IST" name="tearDownMethod" finished-at="2023-10-03T07:12:41 IST" duration-ms="745" status="PASS">
          <params>
            <param index="0">
              <value>
                <![CDATA[[TestResult name=loginApp status=SUCCESS method=Test_Dashboard.loginApp()[pri:0, instance:Test_Page.Test_Dashboard@14dd9eb7] output={null}]]]>
              </value>
            </param>
          </params>
          <reporter-output>
            <line>
              <![CDATA[Test is about to end]]>
            </line>
            <line>
              <![CDATA[Test Completed >>> Reports Generated]]>
            </line>
          </reporter-output>
        </test-method> <!-- tearDownMethod -->
        <test-method is-config="true" signature="tearDown()[pri:0, instance:Test_Page.Test_Dashboard@14dd9eb7]" started-at="2023-10-03T07:12:41 IST" name="tearDown" finished-at="2023-10-03T07:12:41 IST" duration-ms="110" status="PASS">
          <reporter-output>
          </reporter-output>
        </test-method> <!-- tearDown -->
      </class> <!-- Test_Page.Test_Dashboard -->
    </test> <!-- Default test -->
  </suite> <!-- Default suite -->
</testng-results>
